<?xml version="1.0" encoding="UTF-8"?>
<coverage generated="1472008209068" clover="3.2.0">
	<project timestamp="1472008209068"  name="All Files" >
		<metrics statements="34"  coveredstatements="29"  conditionals="14"  coveredconditionals="10"  methods="5"  coveredmethods="5"  elements="53"  coveredelements="44"  complexity="0"  packages="4"  files="4"  classes="4"  loc="57"  ncloc="57" />
		<package name="Navbar" >
			<metrics statements="12"  coveredstatements="9"  conditionals="4"  coveredconditionals="2"  methods="1"  coveredmethods="1" />
			<file name="Navbar.js"  path="/home/sree/Desktop/Blockchain/client/src/js/components/Navbar/Navbar.js" >
				<metrics statements="12"  coveredstatements="9"  conditionals="4"  coveredconditionals="2"  methods="1"  coveredmethods="1" />
				<line num="1"  count="1"  type="stmt" />
				<line num="2"  count="1"  type="stmt" />
				<line num="4"  count="1"  type="stmt" />
				<line num="6"  count="2"  type="stmt" />
				<line num="7"  count="2"  type="stmt" />
				<line num="8"  count="2"  type="stmt" />
				<line num="9"  count="2"  type="stmt" />
				<line num="10"  count="2"  type="stmt" />
				<line num="11"  count="0"  type="stmt" />
				<line num="12"  count="0"  type="stmt" />
				<line num="13"  count="0"  type="stmt" />
				<line num="23"  count="2"  type="stmt" />
			</file>
		</package>
		<package name="Panel" >
			<metrics statements="14"  coveredstatements="12"  conditionals="6"  coveredconditionals="4"  methods="2"  coveredmethods="2" />
			<file name="Panel.js"  path="/home/sree/Desktop/Blockchain/client/src/js/components/Panel/Panel.js" >
				<metrics statements="14"  coveredstatements="12"  conditionals="6"  coveredconditionals="4"  methods="2"  coveredmethods="2" />
				<line num="1"  count="1"  type="stmt" />
				<line num="2"  count="1"  type="stmt" />
				<line num="4"  count="2"  type="stmt" />
				<line num="5"  count="2"  type="stmt" />
				<line num="6"  count="2"  type="stmt" />
				<line num="7"  count="0"  type="stmt" />
				<line num="9"  count="2"  type="stmt" />
				<line num="10"  count="1"  type="stmt" />
				<line num="11"  count="1"  type="stmt" />
				<line num="12"  count="1"  type="stmt" />
				<line num="13"  count="1"  type="stmt" />
				<line num="14"  count="1"  type="stmt" />
				<line num="18"  count="0"  type="stmt" />
				<line num="24"  count="2"  type="stmt" />
			</file>
		</package>
		<package name="PanelCollapse" >
			<metrics statements="5"  coveredstatements="5"  conditionals="4"  coveredconditionals="4"  methods="1"  coveredmethods="1" />
			<file name="PanelCollapse.js"  path="/home/sree/Desktop/Blockchain/client/src/js/components/PanelCollapse/PanelCollapse.js" >
				<metrics statements="5"  coveredstatements="5"  conditionals="4"  coveredconditionals="4"  methods="1"  coveredmethods="1" />
				<line num="1"  count="1"  type="stmt" />
				<line num="2"  count="1"  type="stmt" />
				<line num="4"  count="2"  type="stmt" />
				<line num="5"  count="2"  type="stmt" />
				<line num="6"  count="2"  type="stmt" />
			</file>
		</package>
		<package name="Populator" >
			<metrics statements="3"  coveredstatements="3"  conditionals="0"  coveredconditionals="0"  methods="1"  coveredmethods="1" />
			<file name="Populator.js"  path="/home/sree/Desktop/Blockchain/client/src/js/components/Populator/Populator.js" >
				<metrics statements="3"  coveredstatements="3"  conditionals="0"  coveredconditionals="0"  methods="1"  coveredmethods="1" />
				<line num="1"  count="1"  type="stmt" />
				<line num="2"  count="1"  type="stmt" />
				<line num="4"  count="1"  type="stmt" />
			</file>
		</package>
	</project>
</coverage>
