{
"/home/sree/Desktop/Blockchain/client/src/js/components/PanelCollapse/PanelCollapse.js":{"path":"/home/sree/Desktop/Blockchain/client/src/js/components/PanelCollapse/PanelCollapse.js","statementMap":{"1":{"start":{"line":1,"column":51},"end":{"line":1,"column":67}},"2":{"start":{"line":2,"column":0},"end":{"line":18,"column":9}},"3":{"start":{"line":4,"column":24},"end":{"line":4,"column":52}},"4":{"start":{"line":5,"column":22},"end":{"line":5,"column":46}},"5":{"start":{"line":6,"column":8},"end":{"line":12,"column":209}}},"fnMap":{"1":{"name":"render","decl":{"start":{"line":3,"column":47},"end":{"line":3,"column":53}},"loc":{"start":{"line":3,"column":56},"end":{"line":18,"column":5}}}},"branchMap":{"1":{"loc":{"start":{"line":4,"column":24},"end":{"line":4,"column":52}},"type":"binary-expr","locations":[{"start":{"line":4,"column":24},"end":{"line":4,"column":39}},{"start":{"line":4,"column":43},"end":{"line":4,"column":52}}]},"2":{"loc":{"start":{"line":5,"column":22},"end":{"line":5,"column":46}},"type":"binary-expr","locations":[{"start":{"line":5,"column":22},"end":{"line":5,"column":40}},{"start":{"line":5,"column":44},"end":{"line":5,"column":46}}]}},"s":{"1":1,"2":1,"3":2,"4":2,"5":2},"f":{"1":2},"b":{"1":[2,1],"2":[2,1]},"hash":"9340754590984cf8f0cd76956a44094f787a1cf9","l":{"1":1,"2":1,"4":2,"5":2,"6":2}},
"/home/sree/Desktop/Blockchain/client/src/js/components/Panel/Panel.js":{"path":"/home/sree/Desktop/Blockchain/client/src/js/components/Panel/Panel.js","statementMap":{"1":{"start":{"line":1,"column":51},"end":{"line":1,"column":67}},"2":{"start":{"line":2,"column":0},"end":{"line":35,"column":9}},"3":{"start":{"line":4,"column":19},"end":{"line":4,"column":21}},"4":{"start":{"line":5,"column":33},"end":{"line":5,"column":35}},"5":{"start":{"line":6,"column":8},"end":{"line":8,"column":9}},"6":{"start":{"line":7,"column":12},"end":{"line":7,"column":335}},"7":{"start":{"line":9,"column":8},"end":{"line":23,"column":9}},"8":{"start":{"line":10,"column":26},"end":{"line":10,"column":44}},"9":{"start":{"line":11,"column":31},"end":{"line":11,"column":53}},"10":{"start":{"line":12,"column":12},"end":{"line":22,"column":15}},"11":{"start":{"line":13,"column":16},"end":{"line":21,"column":17}},"12":{"start":{"line":14,"column":20},"end":{"line":15,"column":161}},"13":{"start":{"line":18,"column":20},"end":{"line":19,"column":160}},"14":{"start":{"line":24,"column":8},"end":{"line":29,"column":58}}},"fnMap":{"1":{"name":"render","decl":{"start":{"line":3,"column":47},"end":{"line":3,"column":53}},"loc":{"start":{"line":3,"column":56},"end":{"line":35,"column":5}}},"2":{"name":"(anonymous_2)","decl":{"start":{"line":12,"column":33},"end":{"line":12,"column":34}},"loc":{"start":{"line":12,"column":55},"end":{"line":22,"column":13}}}},"branchMap":{"1":{"loc":{"start":{"line":6,"column":8},"end":{"line":8,"column":9}},"type":"if","locations":[{"start":{"line":6,"column":8},"end":{"line":8,"column":9}},{"start":{"line":6,"column":8},"end":{"line":8,"column":9}}]},"2":{"loc":{"start":{"line":9,"column":8},"end":{"line":23,"column":9}},"type":"if","locations":[{"start":{"line":9,"column":8},"end":{"line":23,"column":9}},{"start":{"line":9,"column":8},"end":{"line":23,"column":9}}]},"3":{"loc":{"start":{"line":13,"column":16},"end":{"line":21,"column":17}},"type":"if","locations":[{"start":{"line":13,"column":16},"end":{"line":21,"column":17}},{"start":{"line":13,"column":16},"end":{"line":21,"column":17}}]}},"s":{"1":1,"2":1,"3":2,"4":2,"5":2,"6":0,"7":2,"8":1,"9":1,"10":1,"11":1,"12":1,"13":0,"14":2},"f":{"1":2,"2":1},"b":{"1":[0,2],"2":[1,1],"3":[1,0]},"hash":"96bdaceb0812cbb3524870350348536461c8ad97","l":{"1":1,"2":1,"4":2,"5":2,"6":2,"7":0,"9":2,"10":1,"11":1,"12":1,"13":1,"14":1,"18":0,"24":2}},
"/home/sree/Desktop/Blockchain/client/src/js/components/Navbar/Navbar.js":{"path":"/home/sree/Desktop/Blockchain/client/src/js/components/Navbar/Navbar.js","statementMap":{"1":{"start":{"line":1,"column":51},"end":{"line":1,"column":67}},"2":{"start":{"line":2,"column":11},"end":{"line":2,"column":39}},"3":{"start":{"line":4,"column":0},"end":{"line":46,"column":9}},"4":{"start":{"line":6,"column":21},"end":{"line":6,"column":64}},"5":{"start":{"line":7,"column":20},"end":{"line":7,"column":22}},"6":{"start":{"line":8,"column":23},"end":{"line":8,"column":32}},"7":{"start":{"line":9,"column":24},"end":{"line":9,"column":35}},"8":{"start":{"line":10,"column":8},"end":{"line":22,"column":9}},"9":{"start":{"line":11,"column":12},"end":{"line":11,"column":39}},"10":{"start":{"line":12,"column":12},"end":{"line":12,"column":40}},"11":{"start":{"line":13,"column":12},"end":{"line":20,"column":587}},"12":{"start":{"line":23,"column":8},"end":{"line":39,"column":44}}},"fnMap":{"1":{"name":"render","decl":{"start":{"line":5,"column":47},"end":{"line":5,"column":53}},"loc":{"start":{"line":5,"column":56},"end":{"line":46,"column":5}}}},"branchMap":{"1":{"loc":{"start":{"line":6,"column":21},"end":{"line":6,"column":64}},"type":"cond-expr","locations":[{"start":{"line":6,"column":52},"end":{"line":6,"column":56}},{"start":{"line":6,"column":59},"end":{"line":6,"column":64}}]},"2":{"loc":{"start":{"line":10,"column":8},"end":{"line":22,"column":9}},"type":"if","locations":[{"start":{"line":10,"column":8},"end":{"line":22,"column":9}},{"start":{"line":10,"column":8},"end":{"line":22,"column":9}}]}},"s":{"1":1,"2":1,"3":1,"4":2,"5":2,"6":2,"7":2,"8":2,"9":0,"10":0,"11":0,"12":2},"f":{"1":2},"b":{"1":[0,2],"2":[0,2]},"hash":"c0c9a8f60832c1e7a833d98c0ace41d2a066bef9","l":{"1":1,"2":1,"4":1,"6":2,"7":2,"8":2,"9":2,"10":2,"11":0,"12":0,"13":0,"23":2}},
"/home/sree/Desktop/Blockchain/client/src/js/components/Populator/Populator.js":{"path":"/home/sree/Desktop/Blockchain/client/src/js/components/Populator/Populator.js","statementMap":{"1":{"start":{"line":1,"column":51},"end":{"line":1,"column":67}},"2":{"start":{"line":2,"column":0},"end":{"line":23,"column":9}},"3":{"start":{"line":4,"column":8},"end":{"line":18,"column":330}}},"fnMap":{"1":{"name":"render","decl":{"start":{"line":3,"column":47},"end":{"line":3,"column":53}},"loc":{"start":{"line":3,"column":56},"end":{"line":23,"column":5}}}},"branchMap":{},"s":{"1":1,"2":1,"3":1},"f":{"1":1},"b":{},"hash":"44350d8a5f1dcd129e5aa315fb2b6277653d55c1","l":{"1":1,"2":1,"4":1}}}
