TN:
SF:/home/sree/Desktop/Blockchain/client/src/js/components/PanelCollapse/PanelCollapse.js
FN:,render
FNF:1
FNH:1
FNDA:2,render
DA:1,1
DA:2,1
DA:4,2
DA:5,2
DA:6,2
LF:5
LH:5
BRDA:,1,0,2
BRDA:,1,1,1
BRDA:,2,0,2
BRDA:,2,1,1
BRF:4
BRH:4
end_of_record
TN:
SF:/home/sree/Desktop/Blockchain/client/src/js/components/Panel/Panel.js
FN:,render
FN:,(anonymous_2)
FNF:2
FNH:2
FNDA:2,render
FNDA:1,(anonymous_2)
DA:1,1
DA:2,1
DA:4,2
DA:5,2
DA:6,2
DA:7,0
DA:9,2
DA:10,1
DA:11,1
DA:12,1
DA:13,1
DA:14,1
DA:18,0
DA:24,2
LF:14
LH:12
BRDA:,1,0,0
BRDA:,1,1,2
BRDA:,2,0,1
BRDA:,2,1,1
BRDA:,3,0,1
BRDA:,3,1,0
BRF:6
BRH:4
end_of_record
TN:
SF:/home/sree/Desktop/Blockchain/client/src/js/components/Navbar/Navbar.js
FN:,render
FNF:1
FNH:1
FNDA:2,render
DA:1,1
DA:2,1
DA:4,1
DA:6,2
DA:7,2
DA:8,2
DA:9,2
DA:10,2
DA:11,0
DA:12,0
DA:13,0
DA:23,2
LF:12
LH:9
BRDA:,1,0,0
BRDA:,1,1,2
BRDA:,2,0,0
BRDA:,2,1,2
BRF:4
BRH:2
end_of_record
TN:
SF:/home/sree/Desktop/Blockchain/client/src/js/components/Populator/Populator.js
FN:,render
FNF:1
FNH:1
FNDA:1,render
DA:1,1
DA:2,1
DA:4,1
LF:3
LH:3
BRF:0
BRH:0
end_of_record
